  Building Custom Rule D:/Files/Learning Materials/Y3/Semester-2/CPT202/VR/WebRTC_NS/CMakeLists.txt
  main.c
D:\Files\Learning Materials\Y3\Semester-2\CPT202\VR\WebRTC_NS\main.c : warning C4819: 该文件包含不能在当前代码页(936)中表示的字符。请将该文件保存为 Unicode 格式以防止数据丢失
D:\Files\Learning Materials\Y3\Semester-2\CPT202\VR\WebRTC_NS\main.c(135): warning C4018: “<”: 有符号/无符号不匹配
D:\Files\Learning Materials\Y3\Semester-2\CPT202\VR\WebRTC_NS\main.c(163): warning C4018: “<”: 有符号/无符号不匹配
D:\Files\Learning Materials\Y3\Semester-2\CPT202\VR\WebRTC_NS\main.c(164): warning C4018: “<”: 有符号/无符号不匹配
D:\Files\Learning Materials\Y3\Semester-2\CPT202\VR\WebRTC_NS\main.c(165): warning C4018: “<”: 有符号/无符号不匹配
D:\Files\Learning Materials\Y3\Semester-2\CPT202\VR\WebRTC_NS\main.c(172): warning C4018: “<”: 有符号/无符号不匹配
D:\Files\Learning Materials\Y3\Semester-2\CPT202\VR\WebRTC_NS\main.c(178): warning C4018: “<”: 有符号/无符号不匹配
D:\Files\Learning Materials\Y3\Semester-2\CPT202\VR\WebRTC_NS\main.c(124): warning C4244: “初始化”: 从“uint64_t”转换到“size_t”，可能丢失数据
D:\Files\Learning Materials\Y3\Semester-2\CPT202\VR\WebRTC_NS\main.c(221): warning C4996: 'sprintf': This function or variable may be unsafe. Consider using sprintf_s instead. To disable deprecation, use _CRT_SECURE_NO_WARNINGS. See online help for details.
  C:\Program Files (x86)\Windows Kits\10\Include\10.0.17763.0\ucrt\stdio.h(1774): note: 参见“sprintf”的声明
  noise_suppression.c
D:\Files\Learning Materials\Y3\Semester-2\CPT202\VR\WebRTC_NS\noise_suppression.c(1532): warning C4018: “<”: 有符号/无符号不匹配
D:\Files\Learning Materials\Y3\Semester-2\CPT202\VR\WebRTC_NS\noise_suppression.c(1928): warning C4244: “=”: 从“float”转换到“int16_t”，可能丢失数据
D:\Files\Learning Materials\Y3\Semester-2\CPT202\VR\WebRTC_NS\noise_suppression.c(1936): warning C4244: “=”: 从“float”转换到“int16_t”，可能丢失数据
D:\Files\Learning Materials\Y3\Semester-2\CPT202\VR\WebRTC_NS\noise_suppression.c(2039): warning C4244: “=”: 从“float”转换到“int16_t”，可能丢失数据
D:\Files\Learning Materials\Y3\Semester-2\CPT202\VR\WebRTC_NS\noise_suppression.c(2091): warning C4244: “=”: 从“float”转换到“int16_t”，可能丢失数据
  正在生成代码...
  ns.vcxproj -> D:\Files\Learning Materials\Y3\Semester-2\CPT202\VR\WebRTC_NS\Debug\ns.exe
